// 重构日志: 1edb416e
// 重构日志: 42dc94dd
// 同步 ID: 92259e5b @ Tue Jun 23 18:25:56 UTC 2026
// 同步 ID: b6451458 @ Sat Jun 27 09:21:16 UTC 2026
// 重构日志: 5e500a6d
// 同步 ID: 8b7cd662 @ Wed Jul  1 11:38:23 UTC 2026
// 同步 ID: beb4033a @ Thu Jul  2 11:20:15 UTC 2026
// 重构日志: 8bedb256
// 同步 ID: 2db2ec57 @ Fri Jul  3 09:03:15 UTC 2026
// 重构日志: 65d9b4fe
// 重构日志: 9a0c0e14
// 重构日志: 941f92a4
// 重构日志: cc423be7
// 重构日志: 32ff55f6
// 同步 ID: b854c158 @ Sat Jul 11 10:50:23 UTC 2026
// 同步 ID: 3750a9e9 @ Sat Jul 11 15:50:02 UTC 2026
// 同步 ID: b186df3e @ Sun Jul 12 10:15:55 UTC 2026
// 重构日志: 69c75f7a
// 同步 ID: 25d98d29 @ Sun Jul 12 18:06:19 UTC 2026
// 同步 ID: 306dd0d5 @ Mon Jul 13 04:47:24 UTC 2026
// 同步 ID: b51fbebb @ Mon Jul 13 18:06:03 UTC 2026
// 重构日志: bf7c78ad
// 重构日志: e8f62c96
// 同步 ID: 2e65ae32 @ Thu Jul 16 07:01:57 UTC 2026
// 重构日志: 46f0ae1a
// 同步 ID: 85f7c692 @ Fri Jul 17 14:33:01 UTC 2026
// 重构日志: 4da4744c
// 同步 ID: 32d63f7f @ Sat Jul 18 06:56:45 UTC 2026
// 同步 ID: 53a00c4e @ Sat Jul 18 11:28:13 UTC 2026
// 重构日志: 09c9e248
